# JRE version: Java(TM) SE Runtime Environment (7.0_45-b18) (build 1.7.0_45-b18)
# Java VM: Java HotSpot(TM) 64-Bit Server VM (24.45-b08 mixed mode linux-amd64 compressed oops)
Heap
 PSYoungGen      total 696320K, used 669200K [0x00000007ce080000, 0x00000007fe380000, 0x0000000800000000)
  eden space 691200K, 96% used [0x00000007ce080000,0x00000007f690c258,0x00000007f8380000)
  from space 5120K, 99% used [0x00000007fb580000,0x00000007fba78000,0x00000007fba80000)
  to   space 25088K, 0% used [0x00000007fcb00000,0x00000007fcb00000,0x00000007fe380000)
 ParOldGen       total 101888K, used 62009K [0x000000076a200000, 0x0000000770580000, 0x00000007ce080000)
  object space 101888K, 60% used [0x000000076a200000,0x000000076de8e750,0x0000000770580000)
 PSPermGen       total 40448K, used 40151K [0x0000000765000000, 0x0000000767780000, 0x000000076a200000)
  object space 40448K, 99% used [0x0000000765000000,0x0000000767735c78,0x0000000767780000)
GC Heap History (10 events):
Event: 19,265 GC heap before
{Heap before GC invocations=13 (full 0):
 PSYoungGen      total 789504K, used 763808K [0x00000007ce080000, 0x0000000800000000, 0x0000000800000000)
  eden space 760320K, 100% used [0x00000007ce080000,0x00000007fc700000,0x00000007fc700000)
  from space 29184K, 11% used [0x00000007fe380000,0x00000007fe6e8000,0x0000000800000000)
  to   space 29184K, 0% used [0x00000007fc700000,0x00000007fc700000,0x00000007fe380000)
 ParOldGen       total 101888K, used 60353K [0x000000076a200000, 0x0000000770580000, 0x00000007ce080000)
  object space 101888K, 59% used [0x000000076a200000,0x000000076dcf0750,0x0000000770580000)
 PSPermGen       total 39424K, used 38994K [0x0000000765000000, 0x0000000767680000, 0x000000076a200000)
  object space 39424K, 98% used [0x0000000765000000,0x0000000767614880,0x0000000767680000)
Event: 19,283 GC heap after
Heap after GC invocations=13 (full 0):
 PSYoungGen      total 765440K, used 4928K [0x00000007ce080000, 0x00000007fff00000, 0x0000000800000000)
  eden space 760320K, 0% used [0x00000007ce080000,0x00000007ce080000,0x00000007fc700000)
  from space 5120K, 96% used [0x00000007fc700000,0x00000007fcbd0000,0x00000007fcc00000)
  to   space 28672K, 0% used [0x00000007fe300000,0x00000007fe300000,0x00000007fff00000)
 ParOldGen       total 101888K, used 60857K [0x000000076a200000, 0x0000000770580000, 0x00000007ce080000)
  object space 101888K, 59% used [0x000000076a200000,0x000000076dd6e750,0x0000000770580000)
 PSPermGen       total 39424K, used 38994K [0x0000000765000000, 0x0000000767680000, 0x000000076a200000)
  object space 39424K, 98% used [0x0000000765000000,0x0000000767614880,0x0000000767680000)
}
Event: 21,659 GC heap before
{Heap before GC invocations=14 (full 0):
 PSYoungGen      total 765440K, used 765248K [0x00000007ce080000, 0x00000007fff00000, 0x0000000800000000)
  eden space 760320K, 100% used [0x00000007ce080000,0x00000007fc700000,0x00000007fc700000)
  from space 5120K, 96% used [0x00000007fc700000,0x00000007fcbd0000,0x00000007fcc00000)
  to   space 28672K, 0% used [0x00000007fe300000,0x00000007fe300000,0x00000007fff00000)
 ParOldGen       total 101888K, used 60857K [0x000000076a200000, 0x0000000770580000, 0x00000007ce080000)
  object space 101888K, 59% used [0x000000076a200000,0x000000076dd6e750,0x0000000770580000)
 PSPermGen       total 39936K, used 39899K [0x0000000765000000, 0x0000000767700000, 0x000000076a200000)
  object space 39936K, 99% used [0x0000000765000000,0x00000007676f6e60,0x0000000767700000)
Event: 21,671 GC heap after
Heap after GC invocations=14 (full 0):
 PSYoungGen      total 790016K, used 6409K [0x00000007ce080000, 0x0000000800000000, 0x0000000800000000)
  eden space 761344K, 0% used [0x00000007ce080000,0x00000007ce080000,0x00000007fc800000)
  from space 28672K, 22% used [0x00000007fe300000,0x00000007fe9426d0,0x00000007fff00000)
  to   space 27648K, 0% used [0x00000007fc800000,0x00000007fc800000,0x00000007fe300000)
 ParOldGen       total 101888K, used 60929K [0x000000076a200000, 0x0000000770580000, 0x00000007ce080000)
  object space 101888K, 59% used [0x000000076a200000,0x000000076dd80750,0x0000000770580000)
 PSPermGen       total 39936K, used 39899K [0x0000000765000000, 0x0000000767700000, 0x000000076a200000)
  object space 39936K, 99% used [0x0000000765000000,0x00000007676f6e60,0x0000000767700000)
}
Event: 23,656 GC heap before
{Heap before GC invocations=15 (full 0):
 PSYoungGen      total 790016K, used 767753K [0x00000007ce080000, 0x0000000800000000, 0x0000000800000000)
  eden space 761344K, 100% used [0x00000007ce080000,0x00000007fc800000,0x00000007fc800000)
  from space 28672K, 22% used [0x00000007fe300000,0x00000007fe9426d0,0x00000007fff00000)
  to   space 27648K, 0% used [0x00000007fc800000,0x00000007fc800000,0x00000007fe300000)
 ParOldGen       total 101888K, used 60929K [0x000000076a200000, 0x0000000770580000, 0x00000007ce080000)
  object space 101888K, 59% used [0x000000076a200000,0x000000076dd80750,0x0000000770580000)
 PSPermGen       total 40448K, used 39988K [0x0000000765000000, 0x0000000767780000, 0x000000076a200000)
  object space 40448K, 98% used [0x0000000765000000,0x000000076770d160,0x0000000767780000)
Event: 23,673 GC heap after
Heap after GC invocations=15 (full 0):
 PSYoungGen      total 788992K, used 5504K [0x00000007ce080000, 0x00000007ffd00000, 0x0000000800000000)
  eden space 761344K, 0% used [0x00000007ce080000,0x00000007ce080000,0x00000007fc800000)
  from space 27648K, 19% used [0x00000007fc800000,0x00000007fcd60000,0x00000007fe300000)
  to   space 26624K, 0% used [0x00000007fe300000,0x00000007fe300000,0x00000007ffd00000)
 ParOldGen       total 101888K, used 61505K [0x000000076a200000, 0x0000000770580000, 0x00000007ce080000)
  object space 101888K, 60% used [0x000000076a200000,0x000000076de10750,0x0000000770580000)
 PSPermGen       total 40448K, used 39988K [0x0000000765000000, 0x0000000767780000, 0x000000076a200000)
  object space 40448K, 98% used [0x0000000765000000,0x000000076770d160,0x0000000767780000)
}
Event: 25,617 GC heap before
{Heap before GC invocations=16 (full 0):
 PSYoungGen      total 788992K, used 766848K [0x00000007ce080000, 0x00000007ffd00000, 0x0000000800000000)
  eden space 761344K, 100% used [0x00000007ce080000,0x00000007fc800000,0x00000007fc800000)
  from space 27648K, 19% used [0x00000007fc800000,0x00000007fcd60000,0x00000007fe300000)
  to   space 26624K, 0% used [0x00000007fe300000,0x00000007fe300000,0x00000007ffd00000)
 ParOldGen       total 101888K, used 61505K [0x000000076a200000, 0x0000000770580000, 0x00000007ce080000)
  object space 101888K, 60% used [0x000000076a200000,0x000000076de10750,0x0000000770580000)
 PSPermGen       total 40448K, used 40004K [0x0000000765000000, 0x0000000767780000, 0x000000076a200000)
  object space 40448K, 98% used [0x0000000765000000,0x0000000767711208,0x0000000767780000)
Event: 25,628 GC heap after
Heap after GC invocations=16 (full 0):
 PSYoungGen      total 731136K, used 5632K [0x00000007ce080000, 0x00000007fe880000, 0x0000000800000000)
  eden space 725504K, 0% used [0x00000007ce080000,0x00000007ce080000,0x00000007fa500000)
  from space 5632K, 100% used [0x00000007fe300000,0x00000007fe880000,0x00000007fe880000)
  to   space 26112K, 0% used [0x00000007fb580000,0x00000007fb580000,0x00000007fcf00000)
 ParOldGen       total 101888K, used 61753K [0x000000076a200000, 0x0000000770580000, 0x00000007ce080000)
  object space 101888K, 60% used [0x000000076a200000,0x000000076de4e750,0x0000000770580000)
 PSPermGen       total 40448K, used 40004K [0x0000000765000000, 0x0000000767780000, 0x000000076a200000)
  object space 40448K, 98% used [0x0000000765000000,0x0000000767711208,0x0000000767780000)
}
Event: 28,021 GC heap before
{Heap before GC invocations=17 (full 0):
 PSYoungGen      total 731136K, used 731136K [0x00000007ce080000, 0x00000007fe880000, 0x0000000800000000)
  eden space 725504K, 100% used [0x00000007ce080000,0x00000007fa500000,0x00000007fa500000)
  from space 5632K, 100% used [0x00000007fe300000,0x00000007fe880000,0x00000007fe880000)
  to   space 26112K, 0% used [0x00000007fb580000,0x00000007fb580000,0x00000007fcf00000)
 ParOldGen       total 101888K, used 61753K [0x000000076a200000, 0x0000000770580000, 0x00000007ce080000)
  object space 101888K, 60% used [0x000000076a200000,0x000000076de4e750,0x0000000770580000)
 PSPermGen       total 40448K, used 40019K [0x0000000765000000, 0x0000000767780000, 0x000000076a200000)
  object space 40448K, 98% used [0x0000000765000000,0x0000000767714c10,0x0000000767780000)
Event: 28,029 GC heap after
Heap after GC invocations=17 (full 0):
 PSYoungGen      total 696320K, used 5088K [0x00000007ce080000, 0x00000007fe380000, 0x0000000800000000)
  eden space 691200K, 0% used [0x00000007ce080000,0x00000007ce080000,0x00000007f8380000)
  from space 5120K, 99% used [0x00000007fb580000,0x00000007fba78000,0x00000007fba80000)
  to   space 25088K, 0% used [0x00000007fcb00000,0x00000007fcb00000,0x00000007fe380000)
 ParOldGen       total 101888K, used 62009K [0x000000076a200000, 0x0000000770580000, 0x00000007ce080000)
  object space 101888K, 60% used [0x000000076a200000,0x000000076de8e750,0x0000000770580000)
 PSPermGen       total 40448K, used 40019K [0x0000000765000000, 0x0000000767780000, 0x000000076a200000)
  object space 40448K, 98% used [0x0000000765000000,0x0000000767714c10,0x0000000767780000)
}

